CRITICAL - 2025-12-10 06:30:47 --> CodeIgniter\View\Exceptions\ViewException: Invalid file: "quiz/select_quiz.php"
[Method: GET, Route: quiz]
in SYSTEMPATH\Exceptions\FrameworkException.php on line 39.
 1 SYSTEMPATH\View\View.php(214): CodeIgniter\Exceptions\FrameworkException::forInvalidFile('quiz/select_quiz.php')
 2 SYSTEMPATH\Common.php(1167): CodeIgniter\View\View->render('quiz/select_quiz', [], true)
 3 APPPATH\Controllers\QuizController.php(22): view('quiz/select_quiz', [...])
 4 SYSTEMPATH\CodeIgniter.php(933): App\Controllers\QuizController->index()
 5 SYSTEMPATH\CodeIgniter.php(507): CodeIgniter\CodeIgniter->runController(Object(App\Controllers\QuizController))
 6 SYSTEMPATH\CodeIgniter.php(354): CodeIgniter\CodeIgniter->handleRequest(null, Object(Config\Cache), false)
 7 SYSTEMPATH\Boot.php(363): CodeIgniter\CodeIgniter->run()
 8 SYSTEMPATH\Boot.php(68): CodeIgniter\Boot::runCodeIgniter(Object(CodeIgniter\CodeIgniter))
 9 FCPATH\index.php(59): CodeIgniter\Boot::bootWeb(Object(Config\Paths))
10 SYSTEMPATH\rewrite.php(44): require_once('C:\\xampp3\\htdocs\\E-Learning\\Website_Edukasi\\public\\index.php')
CRITICAL - 2025-12-10 06:31:17 --> CodeIgniter\View\Exceptions\ViewException: Invalid file: "kerajaan/QuizModel.php"
[Method: GET, Route: quiz]
in SYSTEMPATH\Exceptions\FrameworkException.php on line 39.
 1 SYSTEMPATH\View\View.php(214): CodeIgniter\Exceptions\FrameworkException::forInvalidFile('kerajaan/QuizModel.php')
 2 SYSTEMPATH\Common.php(1167): CodeIgniter\View\View->render('kerajaan/QuizModel', [], true)
 3 APPPATH\Controllers\QuizController.php(22): view('kerajaan/QuizModel', [...])
 4 SYSTEMPATH\CodeIgniter.php(933): App\Controllers\QuizController->index()
 5 SYSTEMPATH\CodeIgniter.php(507): CodeIgniter\CodeIgniter->runController(Object(App\Controllers\QuizController))
 6 SYSTEMPATH\CodeIgniter.php(354): CodeIgniter\CodeIgniter->handleRequest(null, Object(Config\Cache), false)
 7 SYSTEMPATH\Boot.php(363): CodeIgniter\CodeIgniter->run()
 8 SYSTEMPATH\Boot.php(68): CodeIgniter\Boot::runCodeIgniter(Object(CodeIgniter\CodeIgniter))
 9 FCPATH\index.php(59): CodeIgniter\Boot::bootWeb(Object(Config\Paths))
10 SYSTEMPATH\rewrite.php(44): require_once('C:\\xampp3\\htdocs\\E-Learning\\Website_Edukasi\\public\\index.php')
DEBUG - 2025-12-10 06:33:07 --> Session: Class initialized using 'CodeIgniter\Session\Handlers\FileHandler' driver.
CRITICAL - 2025-12-10 06:33:07 --> CodeIgniter\View\Exceptions\ViewException: Invalid file: "quiz/quiz_page.php"
[Method: GET, Route: quiz/start/random]
in SYSTEMPATH\Exceptions\FrameworkException.php on line 39.
 1 SYSTEMPATH\View\View.php(214): CodeIgniter\Exceptions\FrameworkException::forInvalidFile('quiz/quiz_page.php')
 2 SYSTEMPATH\Common.php(1167): CodeIgniter\View\View->render('quiz/quiz_page', [], true)
 3 APPPATH\Controllers\QuizController.php(78): view('quiz/quiz_page', [...])
 4 SYSTEMPATH\CodeIgniter.php(933): App\Controllers\QuizController->start('random')
 5 SYSTEMPATH\CodeIgniter.php(507): CodeIgniter\CodeIgniter->runController(Object(App\Controllers\QuizController))
 6 SYSTEMPATH\CodeIgniter.php(354): CodeIgniter\CodeIgniter->handleRequest(null, Object(Config\Cache), false)
 7 SYSTEMPATH\Boot.php(363): CodeIgniter\CodeIgniter->run()
 8 SYSTEMPATH\Boot.php(68): CodeIgniter\Boot::runCodeIgniter(Object(CodeIgniter\CodeIgniter))
 9 FCPATH\index.php(59): CodeIgniter\Boot::bootWeb(Object(Config\Paths))
10 SYSTEMPATH\rewrite.php(44): require_once('C:\\xampp3\\htdocs\\E-Learning\\Website_Edukasi\\public\\index.php')
DEBUG - 2025-12-10 06:37:32 --> Session: Class initialized using 'CodeIgniter\Session\Handlers\FileHandler' driver.
DEBUG - 2025-12-10 06:46:28 --> Session: Class initialized using 'CodeIgniter\Session\Handlers\FileHandler' driver.
CRITICAL - 2025-12-10 06:46:28 --> CodeIgniter\View\Exceptions\ViewException: Invalid file: "quiz/result_page.php"
[Method: POST, Route: quiz/submit]
in SYSTEMPATH\Exceptions\FrameworkException.php on line 39.
 1 SYSTEMPATH\View\View.php(214): CodeIgniter\Exceptions\FrameworkException::forInvalidFile('quiz/result_page.php')
 2 SYSTEMPATH\Common.php(1167): CodeIgniter\View\View->render('quiz/result_page', [], true)
 3 APPPATH\Controllers\QuizController.php(136): view('quiz/result_page', [...])
 4 SYSTEMPATH\CodeIgniter.php(933): App\Controllers\QuizController->submit()
 5 SYSTEMPATH\CodeIgniter.php(507): CodeIgniter\CodeIgniter->runController(Object(App\Controllers\QuizController))
 6 SYSTEMPATH\CodeIgniter.php(354): CodeIgniter\CodeIgniter->handleRequest(null, Object(Config\Cache), false)
 7 SYSTEMPATH\Boot.php(363): CodeIgniter\CodeIgniter->run()
 8 SYSTEMPATH\Boot.php(68): CodeIgniter\Boot::runCodeIgniter(Object(CodeIgniter\CodeIgniter))
 9 FCPATH\index.php(59): CodeIgniter\Boot::bootWeb(Object(Config\Paths))
10 SYSTEMPATH\rewrite.php(44): require_once('C:\\xampp3\\htdocs\\E-Learning\\Website_Edukasi\\public\\index.php')
DEBUG - 2025-12-10 06:47:34 --> Session: Class initialized using 'CodeIgniter\Session\Handlers\FileHandler' driver.
DEBUG - 2025-12-10 06:47:46 --> Session: Class initialized using 'CodeIgniter\Session\Handlers\FileHandler' driver.
DEBUG - 2025-12-10 06:49:16 --> Session: Class initialized using 'CodeIgniter\Session\Handlers\FileHandler' driver.
DEBUG - 2025-12-10 06:49:47 --> Session: Class initialized using 'CodeIgniter\Session\Handlers\FileHandler' driver.
CRITICAL - 2025-12-10 06:56:13 --> ParseError: syntax error, unexpected token "class"
[Method: GET, Route: quiz]
in APPPATH\Controllers\QuizController.php on line 9.
 1 SYSTEMPATH\Autoloader\Autoloader.php(295): CodeIgniter\Autoloader\Autoloader->includeFile('C:\\xampp3\\htdocs\\E-Learning\\Website_Edukasi\\app\\Controllers\\QuizController.php')
 2 SYSTEMPATH\Autoloader\Autoloader.php(271): CodeIgniter\Autoloader\Autoloader->loadInNamespace('App\\Controllers\\QuizController')
 3 [internal function]: CodeIgniter\Autoloader\Autoloader->loadClass('App\\Controllers\\QuizController')
 4 SYSTEMPATH\CodeIgniter.php(885): class_exists('\\App\\Controllers\\QuizController', true)
 5 SYSTEMPATH\CodeIgniter.php(494): CodeIgniter\CodeIgniter->startController()
 6 SYSTEMPATH\CodeIgniter.php(354): CodeIgniter\CodeIgniter->handleRequest(null, Object(Config\Cache), false)
 7 SYSTEMPATH\Boot.php(363): CodeIgniter\CodeIgniter->run()
 8 SYSTEMPATH\Boot.php(68): CodeIgniter\Boot::runCodeIgniter(Object(CodeIgniter\CodeIgniter))
 9 FCPATH\index.php(59): CodeIgniter\Boot::bootWeb(Object(Config\Paths))
10 SYSTEMPATH\rewrite.php(44): require_once('C:\\xampp3\\htdocs\\E-Learning\\Website_Edukasi\\public\\index.php')
CRITICAL - 2025-12-10 07:00:53 --> CodeIgniter\View\Exceptions\ViewException: Invalid file: "quiz/pilih_quiz.php"
[Method: GET, Route: quiz]
in SYSTEMPATH\Exceptions\FrameworkException.php on line 39.
 1 SYSTEMPATH\View\View.php(214): CodeIgniter\Exceptions\FrameworkException::forInvalidFile('quiz/pilih_quiz.php')
 2 SYSTEMPATH\Common.php(1167): CodeIgniter\View\View->render('quiz/pilih_quiz', [], true)
 3 APPPATH\Controllers\QuizController.php(30): view('quiz/pilih_quiz', [...])
 4 SYSTEMPATH\CodeIgniter.php(933): App\Controllers\QuizController->index()
 5 SYSTEMPATH\CodeIgniter.php(507): CodeIgniter\CodeIgniter->runController(Object(App\Controllers\QuizController))
 6 SYSTEMPATH\CodeIgniter.php(354): CodeIgniter\CodeIgniter->handleRequest(null, Object(Config\Cache), false)
 7 SYSTEMPATH\Boot.php(363): CodeIgniter\CodeIgniter->run()
 8 SYSTEMPATH\Boot.php(68): CodeIgniter\Boot::runCodeIgniter(Object(CodeIgniter\CodeIgniter))
 9 FCPATH\index.php(59): CodeIgniter\Boot::bootWeb(Object(Config\Paths))
10 SYSTEMPATH\rewrite.php(44): require_once('C:\\xampp3\\htdocs\\E-Learning\\Website_Edukasi\\public\\index.php')
DEBUG - 2025-12-10 07:20:08 --> Session: Class initialized using 'CodeIgniter\Session\Handlers\FileHandler' driver.
CRITICAL - 2025-12-10 07:20:08 --> ErrorException: Trying to access array offset on value of type null
[Method: GET, Route: quiz/start/random]
in APPPATH\Views\kerajaan\quiz_page.php on line 50.
 1 APPPATH\Views\kerajaan\quiz_page.php(50): CodeIgniter\Debug\Exceptions->errorHandler(2, 'Trying to access array offset on value of type null', 'C:\\xampp3\\htdocs\\E-Learning\\Website_Edukasi\\app\\Views\\kerajaan\\quiz_page.php', 50)
 2 SYSTEMPATH\View\View.php(226): include('C:\\xampp3\\htdocs\\E-Learning\\Website_Edukasi\\app\\Views\\kerajaan\\quiz_page.php')
 3 SYSTEMPATH\View\View.php(229): CodeIgniter\View\View->CodeIgniter\View\{closure}()
 4 SYSTEMPATH\Common.php(1167): CodeIgniter\View\View->render('kerajaan/quiz_page', [], true)
 5 APPPATH\Controllers\QuizController.php(84): view('kerajaan/quiz_page', [...])
 6 SYSTEMPATH\CodeIgniter.php(933): App\Controllers\QuizController->start('random')
 7 SYSTEMPATH\CodeIgniter.php(507): CodeIgniter\CodeIgniter->runController(Object(App\Controllers\QuizController))
 8 SYSTEMPATH\CodeIgniter.php(354): CodeIgniter\CodeIgniter->handleRequest(null, Object(Config\Cache), false)
 9 SYSTEMPATH\Boot.php(363): CodeIgniter\CodeIgniter->run()
10 SYSTEMPATH\Boot.php(68): CodeIgniter\Boot::runCodeIgniter(Object(CodeIgniter\CodeIgniter))
11 FCPATH\index.php(59): CodeIgniter\Boot::bootWeb(Object(Config\Paths))
12 SYSTEMPATH\rewrite.php(44): require_once('C:\\xampp3\\htdocs\\E-Learning\\Website_Edukasi\\public\\index.php')
DEBUG - 2025-12-10 07:22:11 --> Session: Class initialized using 'CodeIgniter\Session\Handlers\FileHandler' driver.
CRITICAL - 2025-12-10 07:22:11 --> ErrorException: Trying to access array offset on value of type null
[Method: GET, Route: quiz/start/random]
in APPPATH\Views\kerajaan\quiz_page.php on line 62.
 1 APPPATH\Views\kerajaan\quiz_page.php(62): CodeIgniter\Debug\Exceptions->errorHandler(2, 'Trying to access array offset on value of type null', 'C:\\xampp3\\htdocs\\E-Learning\\Website_Edukasi\\app\\Views\\kerajaan\\quiz_page.php', 62)
 2 SYSTEMPATH\View\View.php(226): include('C:\\xampp3\\htdocs\\E-Learning\\Website_Edukasi\\app\\Views\\kerajaan\\quiz_page.php')
 3 SYSTEMPATH\View\View.php(229): CodeIgniter\View\View->CodeIgniter\View\{closure}()
 4 SYSTEMPATH\Common.php(1167): CodeIgniter\View\View->render('kerajaan/quiz_page', [], true)
 5 APPPATH\Controllers\QuizController.php(84): view('kerajaan/quiz_page', [...])
 6 SYSTEMPATH\CodeIgniter.php(933): App\Controllers\QuizController->start('random')
 7 SYSTEMPATH\CodeIgniter.php(507): CodeIgniter\CodeIgniter->runController(Object(App\Controllers\QuizController))
 8 SYSTEMPATH\CodeIgniter.php(354): CodeIgniter\CodeIgniter->handleRequest(null, Object(Config\Cache), false)
 9 SYSTEMPATH\Boot.php(363): CodeIgniter\CodeIgniter->run()
10 SYSTEMPATH\Boot.php(68): CodeIgniter\Boot::runCodeIgniter(Object(CodeIgniter\CodeIgniter))
11 FCPATH\index.php(59): CodeIgniter\Boot::bootWeb(Object(Config\Paths))
12 SYSTEMPATH\rewrite.php(44): require_once('C:\\xampp3\\htdocs\\E-Learning\\Website_Edukasi\\public\\index.php')
DEBUG - 2025-12-10 07:23:39 --> Session: Class initialized using 'CodeIgniter\Session\Handlers\FileHandler' driver.
CRITICAL - 2025-12-10 07:23:39 --> ErrorException: Trying to access array offset on value of type null
[Method: GET, Route: quiz/start/random]
in APPPATH\Views\kerajaan\quiz_page.php on line 92.
 1 APPPATH\Views\kerajaan\quiz_page.php(92): CodeIgniter\Debug\Exceptions->errorHandler(2, 'Trying to access array offset on value of type null', 'C:\\xampp3\\htdocs\\E-Learning\\Website_Edukasi\\app\\Views\\kerajaan\\quiz_page.php', 92)
 2 SYSTEMPATH\View\View.php(226): include('C:\\xampp3\\htdocs\\E-Learning\\Website_Edukasi\\app\\Views\\kerajaan\\quiz_page.php')
 3 SYSTEMPATH\View\View.php(229): CodeIgniter\View\View->CodeIgniter\View\{closure}()
 4 SYSTEMPATH\Common.php(1167): CodeIgniter\View\View->render('kerajaan/quiz_page', [], true)
 5 APPPATH\Controllers\QuizController.php(84): view('kerajaan/quiz_page', [...])
 6 SYSTEMPATH\CodeIgniter.php(933): App\Controllers\QuizController->start('random')
 7 SYSTEMPATH\CodeIgniter.php(507): CodeIgniter\CodeIgniter->runController(Object(App\Controllers\QuizController))
 8 SYSTEMPATH\CodeIgniter.php(354): CodeIgniter\CodeIgniter->handleRequest(null, Object(Config\Cache), false)
 9 SYSTEMPATH\Boot.php(363): CodeIgniter\CodeIgniter->run()
10 SYSTEMPATH\Boot.php(68): CodeIgniter\Boot::runCodeIgniter(Object(CodeIgniter\CodeIgniter))
11 FCPATH\index.php(59): CodeIgniter\Boot::bootWeb(Object(Config\Paths))
12 SYSTEMPATH\rewrite.php(44): require_once('C:\\xampp3\\htdocs\\E-Learning\\Website_Edukasi\\public\\index.php')
DEBUG - 2025-12-10 07:26:37 --> Session: Class initialized using 'CodeIgniter\Session\Handlers\FileHandler' driver.
DEBUG - 2025-12-10 07:27:55 --> Session: Class initialized using 'CodeIgniter\Session\Handlers\FileHandler' driver.
DEBUG - 2025-12-10 07:28:51 --> Session: Class initialized using 'CodeIgniter\Session\Handlers\FileHandler' driver.
CRITICAL - 2025-12-10 07:33:52 --> CodeIgniter\View\Exceptions\ViewException: Invalid file: "kerajaan/quiz_select.php"
[Method: GET, Route: quiz]
in SYSTEMPATH\Exceptions\FrameworkException.php on line 39.
 1 SYSTEMPATH\View\View.php(214): CodeIgniter\Exceptions\FrameworkException::forInvalidFile('kerajaan/quiz_select.php')
 2 SYSTEMPATH\Common.php(1167): CodeIgniter\View\View->render('kerajaan/quiz_select', [], true)
 3 APPPATH\Controllers\QuizController.php(15): view('kerajaan/quiz_select', [...])
 4 SYSTEMPATH\CodeIgniter.php(933): App\Controllers\QuizController->index()
 5 SYSTEMPATH\CodeIgniter.php(507): CodeIgniter\CodeIgniter->runController(Object(App\Controllers\QuizController))
 6 SYSTEMPATH\CodeIgniter.php(354): CodeIgniter\CodeIgniter->handleRequest(null, Object(Config\Cache), false)
 7 SYSTEMPATH\Boot.php(363): CodeIgniter\CodeIgniter->run()
 8 SYSTEMPATH\Boot.php(68): CodeIgniter\Boot::runCodeIgniter(Object(CodeIgniter\CodeIgniter))
 9 FCPATH\index.php(59): CodeIgniter\Boot::bootWeb(Object(Config\Paths))
10 SYSTEMPATH\rewrite.php(44): require_once('C:\\xampp3\\htdocs\\E-Learning\\Website_Edukasi\\public\\index.php')
CRITICAL - 2025-12-10 07:34:13 --> ErrorException: Undefined variable $title
[Method: GET, Route: quiz]
in APPPATH\Views\kerajaan\quiz_page.php on line 7.
 1 APPPATH\Views\kerajaan\quiz_page.php(7): CodeIgniter\Debug\Exceptions->errorHandler(2, 'Undefined variable $title', 'C:\\xampp3\\htdocs\\E-Learning\\Website_Edukasi\\app\\Views\\kerajaan\\quiz_page.php', 7)
 2 SYSTEMPATH\View\View.php(226): include('C:\\xampp3\\htdocs\\E-Learning\\Website_Edukasi\\app\\Views\\kerajaan\\quiz_page.php')
 3 SYSTEMPATH\View\View.php(229): CodeIgniter\View\View->CodeIgniter\View\{closure}()
 4 SYSTEMPATH\Common.php(1167): CodeIgniter\View\View->render('kerajaan/quiz_page', [], true)
 5 APPPATH\Controllers\QuizController.php(15): view('kerajaan/quiz_page', [...])
 6 SYSTEMPATH\CodeIgniter.php(933): App\Controllers\QuizController->index()
 7 SYSTEMPATH\CodeIgniter.php(507): CodeIgniter\CodeIgniter->runController(Object(App\Controllers\QuizController))
 8 SYSTEMPATH\CodeIgniter.php(354): CodeIgniter\CodeIgniter->handleRequest(null, Object(Config\Cache), false)
 9 SYSTEMPATH\Boot.php(363): CodeIgniter\CodeIgniter->run()
10 SYSTEMPATH\Boot.php(68): CodeIgniter\Boot::runCodeIgniter(Object(CodeIgniter\CodeIgniter))
11 FCPATH\index.php(59): CodeIgniter\Boot::bootWeb(Object(Config\Paths))
12 SYSTEMPATH\rewrite.php(44): require_once('C:\\xampp3\\htdocs\\E-Learning\\Website_Edukasi\\public\\index.php')
CRITICAL - 2025-12-10 07:36:07 --> ErrorException: Undefined variable $title
[Method: GET, Route: quiz]
in APPPATH\Views\kerajaan\quiz_page.php on line 7.
 1 APPPATH\Views\kerajaan\quiz_page.php(7): CodeIgniter\Debug\Exceptions->errorHandler(2, 'Undefined variable $title', 'C:\\xampp3\\htdocs\\E-Learning\\Website_Edukasi\\app\\Views\\kerajaan\\quiz_page.php', 7)
 2 SYSTEMPATH\View\View.php(226): include('C:\\xampp3\\htdocs\\E-Learning\\Website_Edukasi\\app\\Views\\kerajaan\\quiz_page.php')
 3 SYSTEMPATH\View\View.php(229): CodeIgniter\View\View->CodeIgniter\View\{closure}()
 4 SYSTEMPATH\Common.php(1167): CodeIgniter\View\View->render('kerajaan/quiz_page', [], true)
 5 APPPATH\Controllers\QuizController.php(15): view('kerajaan/quiz_page', [...])
 6 SYSTEMPATH\CodeIgniter.php(933): App\Controllers\QuizController->index()
 7 SYSTEMPATH\CodeIgniter.php(507): CodeIgniter\CodeIgniter->runController(Object(App\Controllers\QuizController))
 8 SYSTEMPATH\CodeIgniter.php(354): CodeIgniter\CodeIgniter->handleRequest(null, Object(Config\Cache), false)
 9 SYSTEMPATH\Boot.php(363): CodeIgniter\CodeIgniter->run()
10 SYSTEMPATH\Boot.php(68): CodeIgniter\Boot::runCodeIgniter(Object(CodeIgniter\CodeIgniter))
11 FCPATH\index.php(59): CodeIgniter\Boot::bootWeb(Object(Config\Paths))
12 SYSTEMPATH\rewrite.php(44): require_once('C:\\xampp3\\htdocs\\E-Learning\\Website_Edukasi\\public\\index.php')
CRITICAL - 2025-12-10 07:37:01 --> ErrorException: Undefined variable $title
[Method: GET, Route: quiz]
in APPPATH\Views\kerajaan\quiz_page.php on line 46.
 1 APPPATH\Views\kerajaan\quiz_page.php(46): CodeIgniter\Debug\Exceptions->errorHandler(2, 'Undefined variable $title', 'C:\\xampp3\\htdocs\\E-Learning\\Website_Edukasi\\app\\Views\\kerajaan\\quiz_page.php', 46)
 2 SYSTEMPATH\View\View.php(226): include('C:\\xampp3\\htdocs\\E-Learning\\Website_Edukasi\\app\\Views\\kerajaan\\quiz_page.php')
 3 SYSTEMPATH\View\View.php(229): CodeIgniter\View\View->CodeIgniter\View\{closure}()
 4 SYSTEMPATH\Common.php(1167): CodeIgniter\View\View->render('kerajaan/quiz_page', [], true)
 5 APPPATH\Controllers\QuizController.php(15): view('kerajaan/quiz_page', [...])
 6 SYSTEMPATH\CodeIgniter.php(933): App\Controllers\QuizController->index()
 7 SYSTEMPATH\CodeIgniter.php(507): CodeIgniter\CodeIgniter->runController(Object(App\Controllers\QuizController))
 8 SYSTEMPATH\CodeIgniter.php(354): CodeIgniter\CodeIgniter->handleRequest(null, Object(Config\Cache), false)
 9 SYSTEMPATH\Boot.php(363): CodeIgniter\CodeIgniter->run()
10 SYSTEMPATH\Boot.php(68): CodeIgniter\Boot::runCodeIgniter(Object(CodeIgniter\CodeIgniter))
11 FCPATH\index.php(59): CodeIgniter\Boot::bootWeb(Object(Config\Paths))
12 SYSTEMPATH\rewrite.php(44): require_once('C:\\xampp3\\htdocs\\E-Learning\\Website_Edukasi\\public\\index.php')
CRITICAL - 2025-12-10 07:37:12 --> TypeError: count(): Argument #1 ($value) must be of type Countable|array, null given
[Method: GET, Route: quiz]
in APPPATH\Views\kerajaan\quiz_page.php on line 83.
 1 SYSTEMPATH\View\View.php(226): include()
 2 SYSTEMPATH\View\View.php(229): CodeIgniter\View\View->CodeIgniter\View\{closure}()
 3 SYSTEMPATH\Common.php(1167): CodeIgniter\View\View->render('kerajaan/quiz_page', [], true)
 4 APPPATH\Controllers\QuizController.php(15): view('kerajaan/quiz_page', [...])
 5 SYSTEMPATH\CodeIgniter.php(933): App\Controllers\QuizController->index()
 6 SYSTEMPATH\CodeIgniter.php(507): CodeIgniter\CodeIgniter->runController(Object(App\Controllers\QuizController))
 7 SYSTEMPATH\CodeIgniter.php(354): CodeIgniter\CodeIgniter->handleRequest(null, Object(Config\Cache), false)
 8 SYSTEMPATH\Boot.php(363): CodeIgniter\CodeIgniter->run()
 9 SYSTEMPATH\Boot.php(68): CodeIgniter\Boot::runCodeIgniter(Object(CodeIgniter\CodeIgniter))
10 FCPATH\index.php(59): CodeIgniter\Boot::bootWeb(Object(Config\Paths))
11 SYSTEMPATH\rewrite.php(44): require_once('C:\\xampp3\\htdocs\\E-Learning\\Website_Edukasi\\public\\index.php')
CRITICAL - 2025-12-10 07:37:12 --> [Caused by] ErrorException: Undefined variable $questions
in APPPATH\Views\kerajaan\quiz_page.php on line 83.
 1 APPPATH\Views\kerajaan\quiz_page.php(83): CodeIgniter\Debug\Exceptions->errorHandler(2, 'Undefined variable $questions', 'C:\\xampp3\\htdocs\\E-Learning\\Website_Edukasi\\app\\Views\\kerajaan\\quiz_page.php', 83)
 2 SYSTEMPATH\View\View.php(226): include('C:\\xampp3\\htdocs\\E-Learning\\Website_Edukasi\\app\\Views\\kerajaan\\quiz_page.php')
 3 SYSTEMPATH\View\View.php(229): CodeIgniter\View\View->CodeIgniter\View\{closure}()
 4 SYSTEMPATH\Common.php(1167): CodeIgniter\View\View->render('kerajaan/quiz_page', [], true)
 5 APPPATH\Controllers\QuizController.php(15): view('kerajaan/quiz_page', [...])
 6 SYSTEMPATH\CodeIgniter.php(933): App\Controllers\QuizController->index()
 7 SYSTEMPATH\CodeIgniter.php(507): CodeIgniter\CodeIgniter->runController(Object(App\Controllers\QuizController))
 8 SYSTEMPATH\CodeIgniter.php(354): CodeIgniter\CodeIgniter->handleRequest(null, Object(Config\Cache), false)
 9 SYSTEMPATH\Boot.php(363): CodeIgniter\CodeIgniter->run()
10 SYSTEMPATH\Boot.php(68): CodeIgniter\Boot::runCodeIgniter(Object(CodeIgniter\CodeIgniter))
11 FCPATH\index.php(59): CodeIgniter\Boot::bootWeb(Object(Config\Paths))
12 SYSTEMPATH\rewrite.php(44): require_once('C:\\xampp3\\htdocs\\E-Learning\\Website_Edukasi\\public\\index.php')
CRITICAL - 2025-12-10 07:37:59 --> TypeError: count(): Argument #1 ($value) must be of type Countable|array, null given
[Method: GET, Route: quiz]
in APPPATH\Views\kerajaan\quiz_page.php on line 83.
 1 SYSTEMPATH\View\View.php(226): include()
 2 SYSTEMPATH\View\View.php(229): CodeIgniter\View\View->CodeIgniter\View\{closure}()
 3 SYSTEMPATH\Common.php(1167): CodeIgniter\View\View->render('kerajaan/quiz_page', [], true)
 4 APPPATH\Controllers\QuizController.php(15): view('kerajaan/quiz_page', [...])
 5 SYSTEMPATH\CodeIgniter.php(933): App\Controllers\QuizController->index()
 6 SYSTEMPATH\CodeIgniter.php(507): CodeIgniter\CodeIgniter->runController(Object(App\Controllers\QuizController))
 7 SYSTEMPATH\CodeIgniter.php(354): CodeIgniter\CodeIgniter->handleRequest(null, Object(Config\Cache), false)
 8 SYSTEMPATH\Boot.php(363): CodeIgniter\CodeIgniter->run()
 9 SYSTEMPATH\Boot.php(68): CodeIgniter\Boot::runCodeIgniter(Object(CodeIgniter\CodeIgniter))
10 FCPATH\index.php(59): CodeIgniter\Boot::bootWeb(Object(Config\Paths))
11 SYSTEMPATH\rewrite.php(44): require_once('C:\\xampp3\\htdocs\\E-Learning\\Website_Edukasi\\public\\index.php')
CRITICAL - 2025-12-10 07:37:59 --> [Caused by] ErrorException: Undefined variable $questions
in APPPATH\Views\kerajaan\quiz_page.php on line 83.
 1 APPPATH\Views\kerajaan\quiz_page.php(83): CodeIgniter\Debug\Exceptions->errorHandler(2, 'Undefined variable $questions', 'C:\\xampp3\\htdocs\\E-Learning\\Website_Edukasi\\app\\Views\\kerajaan\\quiz_page.php', 83)
 2 SYSTEMPATH\View\View.php(226): include('C:\\xampp3\\htdocs\\E-Learning\\Website_Edukasi\\app\\Views\\kerajaan\\quiz_page.php')
 3 SYSTEMPATH\View\View.php(229): CodeIgniter\View\View->CodeIgniter\View\{closure}()
 4 SYSTEMPATH\Common.php(1167): CodeIgniter\View\View->render('kerajaan/quiz_page', [], true)
 5 APPPATH\Controllers\QuizController.php(15): view('kerajaan/quiz_page', [...])
 6 SYSTEMPATH\CodeIgniter.php(933): App\Controllers\QuizController->index()
 7 SYSTEMPATH\CodeIgniter.php(507): CodeIgniter\CodeIgniter->runController(Object(App\Controllers\QuizController))
 8 SYSTEMPATH\CodeIgniter.php(354): CodeIgniter\CodeIgniter->handleRequest(null, Object(Config\Cache), false)
 9 SYSTEMPATH\Boot.php(363): CodeIgniter\CodeIgniter->run()
10 SYSTEMPATH\Boot.php(68): CodeIgniter\Boot::runCodeIgniter(Object(CodeIgniter\CodeIgniter))
11 FCPATH\index.php(59): CodeIgniter\Boot::bootWeb(Object(Config\Paths))
12 SYSTEMPATH\rewrite.php(44): require_once('C:\\xampp3\\htdocs\\E-Learning\\Website_Edukasi\\public\\index.php')
CRITICAL - 2025-12-10 07:44:46 --> TypeError: count(): Argument #1 ($value) must be of type Countable|array, null given
[Method: POST, Route: quiz/submit]
in APPPATH\Controllers\QuizController.php on line 44.
 1 APPPATH\Controllers\QuizController.php(44): count(null)
 2 SYSTEMPATH\CodeIgniter.php(933): App\Controllers\QuizController->submit()
 3 SYSTEMPATH\CodeIgniter.php(507): CodeIgniter\CodeIgniter->runController(Object(App\Controllers\QuizController))
 4 SYSTEMPATH\CodeIgniter.php(354): CodeIgniter\CodeIgniter->handleRequest(null, Object(Config\Cache), false)
 5 SYSTEMPATH\Boot.php(363): CodeIgniter\CodeIgniter->run()
 6 SYSTEMPATH\Boot.php(68): CodeIgniter\Boot::runCodeIgniter(Object(CodeIgniter\CodeIgniter))
 7 FCPATH\index.php(59): CodeIgniter\Boot::bootWeb(Object(Config\Paths))
 8 SYSTEMPATH\rewrite.php(44): require_once('C:\\xampp3\\htdocs\\E-Learning\\Website_Edukasi\\public\\index.php')
CRITICAL - 2025-12-10 07:45:42 --> ErrorException: Undefined variable $percentage
[Method: POST, Route: quiz/submit]
in APPPATH\Views\kerajaan\result_page.php on line 47.
 1 APPPATH\Views\kerajaan\result_page.php(47): CodeIgniter\Debug\Exceptions->errorHandler(2, 'Undefined variable $percentage', 'C:\\xampp3\\htdocs\\E-Learning\\Website_Edukasi\\app\\Views\\kerajaan\\result_page.php', 47)
 2 SYSTEMPATH\View\View.php(226): include('C:\\xampp3\\htdocs\\E-Learning\\Website_Edukasi\\app\\Views\\kerajaan\\result_page.php')
 3 SYSTEMPATH\View\View.php(229): CodeIgniter\View\View->CodeIgniter\View\{closure}()
 4 SYSTEMPATH\Common.php(1167): CodeIgniter\View\View->render('kerajaan/result_page', [], true)
 5 APPPATH\Controllers\QuizController.php(89): view('kerajaan/result_page', [...])
 6 SYSTEMPATH\CodeIgniter.php(933): App\Controllers\QuizController->submit()
 7 SYSTEMPATH\CodeIgniter.php(507): CodeIgniter\CodeIgniter->runController(Object(App\Controllers\QuizController))
 8 SYSTEMPATH\CodeIgniter.php(354): CodeIgniter\CodeIgniter->handleRequest(null, Object(Config\Cache), false)
 9 SYSTEMPATH\Boot.php(363): CodeIgniter\CodeIgniter->run()
10 SYSTEMPATH\Boot.php(68): CodeIgniter\Boot::runCodeIgniter(Object(CodeIgniter\CodeIgniter))
11 FCPATH\index.php(59): CodeIgniter\Boot::bootWeb(Object(Config\Paths))
12 SYSTEMPATH\rewrite.php(44): require_once('C:\\xampp3\\htdocs\\E-Learning\\Website_Edukasi\\public\\index.php')
CRITICAL - 2025-12-10 07:48:25 --> Error: Undefined constant "current"
[Method: GET, Route: quiz]
in APPPATH\Views\kerajaan\quiz_page.php on line 111.
 1 SYSTEMPATH\View\View.php(226): include()
 2 SYSTEMPATH\View\View.php(229): CodeIgniter\View\View->CodeIgniter\View\{closure}()
 3 SYSTEMPATH\Common.php(1167): CodeIgniter\View\View->render('kerajaan/quiz_page', [], true)
 4 APPPATH\Controllers\QuizController.php(48): view('kerajaan/quiz_page', [...])
 5 APPPATH\Controllers\QuizController.php(13): App\Controllers\QuizController->start('random')
 6 SYSTEMPATH\CodeIgniter.php(933): App\Controllers\QuizController->index()
 7 SYSTEMPATH\CodeIgniter.php(507): CodeIgniter\CodeIgniter->runController(Object(App\Controllers\QuizController))
 8 SYSTEMPATH\CodeIgniter.php(354): CodeIgniter\CodeIgniter->handleRequest(null, Object(Config\Cache), false)
 9 SYSTEMPATH\Boot.php(363): CodeIgniter\CodeIgniter->run()
10 SYSTEMPATH\Boot.php(68): CodeIgniter\Boot::runCodeIgniter(Object(CodeIgniter\CodeIgniter))
11 FCPATH\index.php(59): CodeIgniter\Boot::bootWeb(Object(Config\Paths))
12 SYSTEMPATH\rewrite.php(44): require_once('C:\\xampp3\\htdocs\\E-Learning\\Website_Edukasi\\public\\index.php')
CRITICAL - 2025-12-10 07:48:35 --> Error: Undefined constant "current"
[Method: GET, Route: quiz]
in APPPATH\Views\kerajaan\quiz_page.php on line 111.
 1 SYSTEMPATH\View\View.php(226): include()
 2 SYSTEMPATH\View\View.php(229): CodeIgniter\View\View->CodeIgniter\View\{closure}()
 3 SYSTEMPATH\Common.php(1167): CodeIgniter\View\View->render('kerajaan/quiz_page', [], true)
 4 APPPATH\Controllers\QuizController.php(48): view('kerajaan/quiz_page', [...])
 5 APPPATH\Controllers\QuizController.php(13): App\Controllers\QuizController->start('random')
 6 SYSTEMPATH\CodeIgniter.php(933): App\Controllers\QuizController->index()
 7 SYSTEMPATH\CodeIgniter.php(507): CodeIgniter\CodeIgniter->runController(Object(App\Controllers\QuizController))
 8 SYSTEMPATH\CodeIgniter.php(354): CodeIgniter\CodeIgniter->handleRequest(null, Object(Config\Cache), false)
 9 SYSTEMPATH\Boot.php(363): CodeIgniter\CodeIgniter->run()
10 SYSTEMPATH\Boot.php(68): CodeIgniter\Boot::runCodeIgniter(Object(CodeIgniter\CodeIgniter))
11 FCPATH\index.php(59): CodeIgniter\Boot::bootWeb(Object(Config\Paths))
12 SYSTEMPATH\rewrite.php(44): require_once('C:\\xampp3\\htdocs\\E-Learning\\Website_Edukasi\\public\\index.php')
CRITICAL - 2025-12-10 07:48:52 --> Error: Undefined constant "current"
[Method: GET, Route: quiz]
in APPPATH\Views\kerajaan\quiz_page.php on line 111.
 1 SYSTEMPATH\View\View.php(226): include()
 2 SYSTEMPATH\View\View.php(229): CodeIgniter\View\View->CodeIgniter\View\{closure}()
 3 SYSTEMPATH\Common.php(1167): CodeIgniter\View\View->render('kerajaan/quiz_page', [], true)
 4 APPPATH\Controllers\QuizController.php(48): view('kerajaan/quiz_page', [...])
 5 APPPATH\Controllers\QuizController.php(13): App\Controllers\QuizController->start('random')
 6 SYSTEMPATH\CodeIgniter.php(933): App\Controllers\QuizController->index()
 7 SYSTEMPATH\CodeIgniter.php(507): CodeIgniter\CodeIgniter->runController(Object(App\Controllers\QuizController))
 8 SYSTEMPATH\CodeIgniter.php(354): CodeIgniter\CodeIgniter->handleRequest(null, Object(Config\Cache), false)
 9 SYSTEMPATH\Boot.php(363): CodeIgniter\CodeIgniter->run()
10 SYSTEMPATH\Boot.php(68): CodeIgniter\Boot::runCodeIgniter(Object(CodeIgniter\CodeIgniter))
11 FCPATH\index.php(59): CodeIgniter\Boot::bootWeb(Object(Config\Paths))
12 SYSTEMPATH\rewrite.php(44): require_once('C:\\xampp3\\htdocs\\E-Learning\\Website_Edukasi\\public\\index.php')
CRITICAL - 2025-12-10 08:00:03 --> CodeIgniter\View\Exceptions\ViewException: Invalid file: "quiz/quiz_index_selection.php"
[Method: GET, Route: quiz]
in SYSTEMPATH\Exceptions\FrameworkException.php on line 39.
 1 SYSTEMPATH\View\View.php(214): CodeIgniter\Exceptions\FrameworkException::forInvalidFile('quiz/quiz_index_selection.php')
 2 SYSTEMPATH\Common.php(1167): CodeIgniter\View\View->render('quiz/quiz_index_selection', [], true)
 3 APPPATH\Controllers\QuizController.php(40): view('quiz/quiz_index_selection', [...])
 4 SYSTEMPATH\CodeIgniter.php(933): App\Controllers\QuizController->index()
 5 SYSTEMPATH\CodeIgniter.php(507): CodeIgniter\CodeIgniter->runController(Object(App\Controllers\QuizController))
 6 SYSTEMPATH\CodeIgniter.php(354): CodeIgniter\CodeIgniter->handleRequest(null, Object(Config\Cache), false)
 7 SYSTEMPATH\Boot.php(363): CodeIgniter\CodeIgniter->run()
 8 SYSTEMPATH\Boot.php(68): CodeIgniter\Boot::runCodeIgniter(Object(CodeIgniter\CodeIgniter))
 9 FCPATH\index.php(59): CodeIgniter\Boot::bootWeb(Object(Config\Paths))
10 SYSTEMPATH\rewrite.php(44): require_once('C:\\xampp3\\htdocs\\E-Learning\\Website_Edukasi\\public\\index.php')
WARNING - 2025-12-10 08:03:25 --> [DEPRECATED] Constant FILTER_SANITIZE_STRING is deprecated in APPPATH\Controllers\QuizController.php on line 58.
 1 SYSTEMPATH\CodeIgniter.php(933): App\Controllers\QuizController->start('1')
 2 SYSTEMPATH\CodeIgniter.php(507): CodeIgniter\CodeIgniter->runController(Object(App\Controllers\QuizController))
 3 SYSTEMPATH\CodeIgniter.php(354): CodeIgniter\CodeIgniter->handleRequest(null, Object(Config\Cache), false)
 4 SYSTEMPATH\Boot.php(363): CodeIgniter\CodeIgniter->run()
 5 SYSTEMPATH\Boot.php(68): CodeIgniter\Boot::runCodeIgniter(Object(CodeIgniter\CodeIgniter))
 6 FCPATH\index.php(59): CodeIgniter\Boot::bootWeb(Object(Config\Paths))
 7 SYSTEMPATH\rewrite.php(44): require_once('C:\\xampp3\\htdocs\\E-Learning\\Website_Edukasi\\public\\index.php')
DEBUG - 2025-12-10 08:03:25 --> Session: Class initialized using 'CodeIgniter\Session\Handlers\FileHandler' driver.
WARNING - 2025-12-10 08:13:35 --> [DEPRECATED] Constant FILTER_SANITIZE_STRING is deprecated in APPPATH\Controllers\QuizController.php on line 58.
 1 SYSTEMPATH\CodeIgniter.php(933): App\Controllers\QuizController->start('1')
 2 SYSTEMPATH\CodeIgniter.php(507): CodeIgniter\CodeIgniter->runController(Object(App\Controllers\QuizController))
 3 SYSTEMPATH\CodeIgniter.php(354): CodeIgniter\CodeIgniter->handleRequest(null, Object(Config\Cache), false)
 4 SYSTEMPATH\Boot.php(363): CodeIgniter\CodeIgniter->run()
 5 SYSTEMPATH\Boot.php(68): CodeIgniter\Boot::runCodeIgniter(Object(CodeIgniter\CodeIgniter))
 6 FCPATH\index.php(59): CodeIgniter\Boot::bootWeb(Object(Config\Paths))
 7 SYSTEMPATH\rewrite.php(44): require_once('C:\\xampp3\\htdocs\\E-Learning\\Website_Edukasi\\public\\index.php')
DEBUG - 2025-12-10 08:13:35 --> Session: Class initialized using 'CodeIgniter\Session\Handlers\FileHandler' driver.
WARNING - 2025-12-10 08:16:04 --> [DEPRECATED] Constant FILTER_SANITIZE_STRING is deprecated in APPPATH\Controllers\QuizController.php on line 58.
 1 SYSTEMPATH\CodeIgniter.php(933): App\Controllers\QuizController->start('1')
 2 SYSTEMPATH\CodeIgniter.php(507): CodeIgniter\CodeIgniter->runController(Object(App\Controllers\QuizController))
 3 SYSTEMPATH\CodeIgniter.php(354): CodeIgniter\CodeIgniter->handleRequest(null, Object(Config\Cache), false)
 4 SYSTEMPATH\Boot.php(363): CodeIgniter\CodeIgniter->run()
 5 SYSTEMPATH\Boot.php(68): CodeIgniter\Boot::runCodeIgniter(Object(CodeIgniter\CodeIgniter))
 6 FCPATH\index.php(59): CodeIgniter\Boot::bootWeb(Object(Config\Paths))
 7 SYSTEMPATH\rewrite.php(44): require_once('C:\\xampp3\\htdocs\\E-Learning\\Website_Edukasi\\public\\index.php')
DEBUG - 2025-12-10 08:16:04 --> Session: Class initialized using 'CodeIgniter\Session\Handlers\FileHandler' driver.
WARNING - 2025-12-10 08:18:06 --> [DEPRECATED] Constant FILTER_SANITIZE_STRING is deprecated in APPPATH\Controllers\QuizController.php on line 49.
 1 SYSTEMPATH\CodeIgniter.php(933): App\Controllers\QuizController->start('1')
 2 SYSTEMPATH\CodeIgniter.php(507): CodeIgniter\CodeIgniter->runController(Object(App\Controllers\QuizController))
 3 SYSTEMPATH\CodeIgniter.php(354): CodeIgniter\CodeIgniter->handleRequest(null, Object(Config\Cache), false)
 4 SYSTEMPATH\Boot.php(363): CodeIgniter\CodeIgniter->run()
 5 SYSTEMPATH\Boot.php(68): CodeIgniter\Boot::runCodeIgniter(Object(CodeIgniter\CodeIgniter))
 6 FCPATH\index.php(59): CodeIgniter\Boot::bootWeb(Object(Config\Paths))
 7 SYSTEMPATH\rewrite.php(44): require_once('C:\\xampp3\\htdocs\\E-Learning\\Website_Edukasi\\public\\index.php')
CRITICAL - 2025-12-10 08:18:06 --> CodeIgniter\View\Exceptions\ViewException: Invalid file: "quiz_page.php"
[Method: GET, Route: quiz/start/1]
in SYSTEMPATH\Exceptions\FrameworkException.php on line 39.
 1 SYSTEMPATH\View\View.php(214): CodeIgniter\Exceptions\FrameworkException::forInvalidFile('quiz_page.php')
 2 SYSTEMPATH\Common.php(1167): CodeIgniter\View\View->render('quiz_page', [], true)
 3 APPPATH\Controllers\QuizController.php(91): view('quiz_page', [...])
 4 SYSTEMPATH\CodeIgniter.php(933): App\Controllers\QuizController->start('1')
 5 SYSTEMPATH\CodeIgniter.php(507): CodeIgniter\CodeIgniter->runController(Object(App\Controllers\QuizController))
 6 SYSTEMPATH\CodeIgniter.php(354): CodeIgniter\CodeIgniter->handleRequest(null, Object(Config\Cache), false)
 7 SYSTEMPATH\Boot.php(363): CodeIgniter\CodeIgniter->run()
 8 SYSTEMPATH\Boot.php(68): CodeIgniter\Boot::runCodeIgniter(Object(CodeIgniter\CodeIgniter))
 9 FCPATH\index.php(59): CodeIgniter\Boot::bootWeb(Object(Config\Paths))
10 SYSTEMPATH\rewrite.php(44): require_once('C:\\xampp3\\htdocs\\E-Learning\\Website_Edukasi\\public\\index.php')
WARNING - 2025-12-10 08:19:35 --> [DEPRECATED] Constant FILTER_SANITIZE_STRING is deprecated in APPPATH\Controllers\QuizController.php on line 49.
 1 SYSTEMPATH\CodeIgniter.php(933): App\Controllers\QuizController->start('1')
 2 SYSTEMPATH\CodeIgniter.php(507): CodeIgniter\CodeIgniter->runController(Object(App\Controllers\QuizController))
 3 SYSTEMPATH\CodeIgniter.php(354): CodeIgniter\CodeIgniter->handleRequest(null, Object(Config\Cache), false)
 4 SYSTEMPATH\Boot.php(363): CodeIgniter\CodeIgniter->run()
 5 SYSTEMPATH\Boot.php(68): CodeIgniter\Boot::runCodeIgniter(Object(CodeIgniter\CodeIgniter))
 6 FCPATH\index.php(59): CodeIgniter\Boot::bootWeb(Object(Config\Paths))
 7 SYSTEMPATH\rewrite.php(44): require_once('C:\\xampp3\\htdocs\\E-Learning\\Website_Edukasi\\public\\index.php')
WARNING - 2025-12-10 08:19:52 --> [DEPRECATED] Constant FILTER_SANITIZE_STRING is deprecated in APPPATH\Controllers\QuizController.php on line 49.
 1 SYSTEMPATH\CodeIgniter.php(933): App\Controllers\QuizController->start('random')
 2 SYSTEMPATH\CodeIgniter.php(507): CodeIgniter\CodeIgniter->runController(Object(App\Controllers\QuizController))
 3 SYSTEMPATH\CodeIgniter.php(354): CodeIgniter\CodeIgniter->handleRequest(null, Object(Config\Cache), false)
 4 SYSTEMPATH\Boot.php(363): CodeIgniter\CodeIgniter->run()
 5 SYSTEMPATH\Boot.php(68): CodeIgniter\Boot::runCodeIgniter(Object(CodeIgniter\CodeIgniter))
 6 FCPATH\index.php(59): CodeIgniter\Boot::bootWeb(Object(Config\Paths))
 7 SYSTEMPATH\rewrite.php(44): require_once('C:\\xampp3\\htdocs\\E-Learning\\Website_Edukasi\\public\\index.php')
WARNING - 2025-12-10 08:21:30 --> [DEPRECATED] Constant FILTER_SANITIZE_STRING is deprecated in APPPATH\Controllers\QuizController.php on line 49.
 1 SYSTEMPATH\CodeIgniter.php(933): App\Controllers\QuizController->start('random')
 2 SYSTEMPATH\CodeIgniter.php(507): CodeIgniter\CodeIgniter->runController(Object(App\Controllers\QuizController))
 3 SYSTEMPATH\CodeIgniter.php(354): CodeIgniter\CodeIgniter->handleRequest(null, Object(Config\Cache), false)
 4 SYSTEMPATH\Boot.php(363): CodeIgniter\CodeIgniter->run()
 5 SYSTEMPATH\Boot.php(68): CodeIgniter\Boot::runCodeIgniter(Object(CodeIgniter\CodeIgniter))
 6 FCPATH\index.php(59): CodeIgniter\Boot::bootWeb(Object(Config\Paths))
 7 SYSTEMPATH\rewrite.php(44): require_once('C:\\xampp3\\htdocs\\E-Learning\\Website_Edukasi\\public\\index.php')
WARNING - 2025-12-10 08:24:07 --> [DEPRECATED] Constant FILTER_SANITIZE_STRING is deprecated in APPPATH\Controllers\QuizController.php on line 49.
 1 SYSTEMPATH\CodeIgniter.php(933): App\Controllers\QuizController->start('random')
 2 SYSTEMPATH\CodeIgniter.php(507): CodeIgniter\CodeIgniter->runController(Object(App\Controllers\QuizController))
 3 SYSTEMPATH\CodeIgniter.php(354): CodeIgniter\CodeIgniter->handleRequest(null, Object(Config\Cache), false)
 4 SYSTEMPATH\Boot.php(363): CodeIgniter\CodeIgniter->run()
 5 SYSTEMPATH\Boot.php(68): CodeIgniter\Boot::runCodeIgniter(Object(CodeIgniter\CodeIgniter))
 6 FCPATH\index.php(59): CodeIgniter\Boot::bootWeb(Object(Config\Paths))
 7 SYSTEMPATH\rewrite.php(44): require_once('C:\\xampp3\\htdocs\\E-Learning\\Website_Edukasi\\public\\index.php')
WARNING - 2025-12-10 08:25:02 --> [DEPRECATED] Constant FILTER_SANITIZE_STRING is deprecated in APPPATH\Controllers\QuizController.php on line 49.
 1 SYSTEMPATH\CodeIgniter.php(933): App\Controllers\QuizController->start('random')
 2 SYSTEMPATH\CodeIgniter.php(507): CodeIgniter\CodeIgniter->runController(Object(App\Controllers\QuizController))
 3 SYSTEMPATH\CodeIgniter.php(354): CodeIgniter\CodeIgniter->handleRequest(null, Object(Config\Cache), false)
 4 SYSTEMPATH\Boot.php(363): CodeIgniter\CodeIgniter->run()
 5 SYSTEMPATH\Boot.php(68): CodeIgniter\Boot::runCodeIgniter(Object(CodeIgniter\CodeIgniter))
 6 FCPATH\index.php(59): CodeIgniter\Boot::bootWeb(Object(Config\Paths))
 7 SYSTEMPATH\rewrite.php(44): require_once('C:\\xampp3\\htdocs\\E-Learning\\Website_Edukasi\\public\\index.php')
WARNING - 2025-12-10 08:25:44 --> [DEPRECATED] Constant FILTER_SANITIZE_STRING is deprecated in APPPATH\Controllers\QuizController.php on line 49.
 1 SYSTEMPATH\CodeIgniter.php(933): App\Controllers\QuizController->start('2')
 2 SYSTEMPATH\CodeIgniter.php(507): CodeIgniter\CodeIgniter->runController(Object(App\Controllers\QuizController))
 3 SYSTEMPATH\CodeIgniter.php(354): CodeIgniter\CodeIgniter->handleRequest(null, Object(Config\Cache), false)
 4 SYSTEMPATH\Boot.php(363): CodeIgniter\CodeIgniter->run()
 5 SYSTEMPATH\Boot.php(68): CodeIgniter\Boot::runCodeIgniter(Object(CodeIgniter\CodeIgniter))
 6 FCPATH\index.php(59): CodeIgniter\Boot::bootWeb(Object(Config\Paths))
 7 SYSTEMPATH\rewrite.php(44): require_once('C:\\xampp3\\htdocs\\E-Learning\\Website_Edukasi\\public\\index.php')
WARNING - 2025-12-10 09:06:36 --> [DEPRECATED] Constant FILTER_SANITIZE_STRING is deprecated in APPPATH\Controllers\QuizController.php on line 49.
 1 SYSTEMPATH\CodeIgniter.php(933): App\Controllers\QuizController->start('10')
 2 SYSTEMPATH\CodeIgniter.php(507): CodeIgniter\CodeIgniter->runController(Object(App\Controllers\QuizController))
 3 SYSTEMPATH\CodeIgniter.php(354): CodeIgniter\CodeIgniter->handleRequest(null, Object(Config\Cache), false)
 4 SYSTEMPATH\Boot.php(363): CodeIgniter\CodeIgniter->run()
 5 SYSTEMPATH\Boot.php(68): CodeIgniter\Boot::runCodeIgniter(Object(CodeIgniter\CodeIgniter))
 6 FCPATH\index.php(59): CodeIgniter\Boot::bootWeb(Object(Config\Paths))
 7 SYSTEMPATH\rewrite.php(44): require_once('C:\\xampp3\\htdocs\\E-Learning\\Website_Edukasi\\public\\index.php')
WARNING - 2025-12-10 09:10:24 --> [DEPRECATED] Constant FILTER_SANITIZE_STRING is deprecated in APPPATH\Controllers\QuizController.php on line 49.
 1 SYSTEMPATH\CodeIgniter.php(933): App\Controllers\QuizController->start('random')
 2 SYSTEMPATH\CodeIgniter.php(507): CodeIgniter\CodeIgniter->runController(Object(App\Controllers\QuizController))
 3 SYSTEMPATH\CodeIgniter.php(354): CodeIgniter\CodeIgniter->handleRequest(null, Object(Config\Cache), false)
 4 SYSTEMPATH\Boot.php(363): CodeIgniter\CodeIgniter->run()
 5 SYSTEMPATH\Boot.php(68): CodeIgniter\Boot::runCodeIgniter(Object(CodeIgniter\CodeIgniter))
 6 FCPATH\index.php(59): CodeIgniter\Boot::bootWeb(Object(Config\Paths))
 7 SYSTEMPATH\rewrite.php(44): require_once('C:\\xampp3\\htdocs\\E-Learning\\Website_Edukasi\\public\\index.php')
WARNING - 2025-12-10 09:18:14 --> [DEPRECATED] Constant FILTER_SANITIZE_STRING is deprecated in APPPATH\Controllers\QuizController.php on line 49.
 1 SYSTEMPATH\CodeIgniter.php(933): App\Controllers\QuizController->start('random')
 2 SYSTEMPATH\CodeIgniter.php(507): CodeIgniter\CodeIgniter->runController(Object(App\Controllers\QuizController))
 3 SYSTEMPATH\CodeIgniter.php(354): CodeIgniter\CodeIgniter->handleRequest(null, Object(Config\Cache), false)
 4 SYSTEMPATH\Boot.php(363): CodeIgniter\CodeIgniter->run()
 5 SYSTEMPATH\Boot.php(68): CodeIgniter\Boot::runCodeIgniter(Object(CodeIgniter\CodeIgniter))
 6 FCPATH\index.php(59): CodeIgniter\Boot::bootWeb(Object(Config\Paths))
 7 SYSTEMPATH\rewrite.php(44): require_once('C:\\xampp3\\htdocs\\E-Learning\\Website_Edukasi\\public\\index.php')
WARNING - 2025-12-10 09:18:20 --> [DEPRECATED] Constant FILTER_SANITIZE_STRING is deprecated in APPPATH\Controllers\QuizController.php on line 49.
 1 SYSTEMPATH\CodeIgniter.php(933): App\Controllers\QuizController->start('random')
 2 SYSTEMPATH\CodeIgniter.php(507): CodeIgniter\CodeIgniter->runController(Object(App\Controllers\QuizController))
 3 SYSTEMPATH\CodeIgniter.php(354): CodeIgniter\CodeIgniter->handleRequest(null, Object(Config\Cache), false)
 4 SYSTEMPATH\Boot.php(363): CodeIgniter\CodeIgniter->run()
 5 SYSTEMPATH\Boot.php(68): CodeIgniter\Boot::runCodeIgniter(Object(CodeIgniter\CodeIgniter))
 6 FCPATH\index.php(59): CodeIgniter\Boot::bootWeb(Object(Config\Paths))
 7 SYSTEMPATH\rewrite.php(44): require_once('C:\\xampp3\\htdocs\\E-Learning\\Website_Edukasi\\public\\index.php')
